Base path: C:/Program Files/Unity/Editor/Data
Pipe name: \\.\pipe\UnityShaderCompiler-64bit-1-4924
Cmd: getPlatforms
Cmd: preprocess
  insize=18475 outsize=2659 ok=1
Cmd: compileSnippet
  api=4 type=0 insize=8346 outsize=3947 kw=DIRECTIONAL SHADOWS_OFF LIGHTMAP_OFF DIRLIGHTMAP_OFF DYNAMICLIGHTMAP_OFF ok=1
Cmd: compileSnippet
  api=4 type=1 insize=8346 outsize=11617 kw=DIRECTIONAL SHADOWS_OFF LIGHTMAP_OFF DIRLIGHTMAP_OFF DYNAMICLIGHTMAP_OFF ok=1
Cmd: compileSnippet
  api=4 type=0 insize=5574 outsize=4264 kw=POINT SHADOWS_OFF LIGHTMAP_OFF DIRLIGHTMAP_OFF DYNAMICLIGHTMAP_OFF ok=1
Cmd: compileSnippet
  api=4 type=1 insize=5574 outsize=7335 kw=POINT SHADOWS_OFF LIGHTMAP_OFF DIRLIGHTMAP_OFF DYNAMICLIGHTMAP_OFF ok=1
Cmd: compileSnippet
  api=4 type=0 insize=2915 outsize=2379 kw=SHADOWS_DEPTH LIGHTMAP_OFF DIRLIGHTMAP_OFF DYNAMICLIGHTMAP_OFF ok=1
Cmd: compileSnippet
  api=4 type=1 insize=2915 outsize=2030 kw=SHADOWS_DEPTH LIGHTMAP_OFF DIRLIGHTMAP_OFF DYNAMICLIGHTMAP_OFF ok=1
Cmd: preprocess
  insize=1096 outsize=482 ok=1
Cmd: compileSnippet
  api=4 type=0 insize=913 outsize=1071 kw= ok=1
Cmd: compileSnippet
  api=4 type=1 insize=913 outsize=600 kw= ok=1
Cmd: preprocess
  insize=17573 outsize=2644 ok=1
Cmd: compileSnippet
  api=4 type=0 insize=7967 outsize=3760 kw=DIRECTIONAL SHADOWS_OFF LIGHTMAP_OFF DIRLIGHTMAP_OFF DYNAMICLIGHTMAP_OFF ok=1
Cmd: compileSnippet
  api=4 type=1 insize=7967 outsize=10983 kw=DIRECTIONAL SHADOWS_OFF LIGHTMAP_OFF DIRLIGHTMAP_OFF DYNAMICLIGHTMAP_OFF ok=1
Cmd: compileSnippet
  api=4 type=0 insize=5391 outsize=4077 kw=POINT SHADOWS_OFF LIGHTMAP_OFF DIRLIGHTMAP_OFF DYNAMICLIGHTMAP_OFF ok=1
Cmd: compileSnippet
  api=4 type=1 insize=5391 outsize=6734 kw=POINT SHADOWS_OFF LIGHTMAP_OFF DIRLIGHTMAP_OFF DYNAMICLIGHTMAP_OFF ok=1
Cmd: compileSnippet
  api=4 type=0 insize=2591 outsize=2192 kw=SHADOWS_DEPTH LIGHTMAP_OFF DIRLIGHTMAP_OFF DYNAMICLIGHTMAP_OFF ok=1
Cmd: compileSnippet
  api=4 type=1 insize=2591 outsize=1493 kw=SHADOWS_DEPTH LIGHTMAP_OFF DIRLIGHTMAP_OFF DYNAMICLIGHTMAP_OFF ok=1
Cmd: preprocess
  insize=1214 outsize=527 ok=1
Cmd: compileSnippet
  api=4 type=0 insize=986 outsize=1071 kw= ok=1
Cmd: compileSnippet
  api=4 type=1 insize=986 outsize=600 kw= ok=1
Cmd: preprocess
  insize=2225 outsize=954 ok=1
Cmd: compileSnippet
  api=4 type=0 insize=929 outsize=1071 kw= ok=1
Cmd: compileSnippet
  api=4 type=1 insize=929 outsize=746 kw= ok=1
Cmd: compileSnippet
  api=4 type=0 insize=946 outsize=1071 kw= ok=1
Cmd: compileSnippet
  api=4 type=1 insize=946 outsize=600 kw= ok=1
Cmd: preprocess
  insize=12131 outsize=4010 ok=1
Cmd: compileSnippet
  api=4 type=0 insize=4535 outsize=2387 kw=DIRECTIONAL SHADOWS_OFF LIGHTMAP_OFF DIRLIGHTMAP_OFF DYNAMICLIGHTMAP_OFF ok=1
Cmd: compileSnippet
  api=4 type=1 insize=4535 outsize=4646 kw=DIRECTIONAL SHADOWS_OFF LIGHTMAP_OFF DIRLIGHTMAP_OFF DYNAMICLIGHTMAP_OFF ok=1
Cmd: compileSnippet
  api=4 type=0 insize=4264 outsize=2842 kw=POINT SHADOWS_OFF ok=1
Cmd: compileSnippet
  api=4 type=1 insize=4264 outsize=4938 kw=POINT SHADOWS_OFF ok=1
Cmd: preprocess
  insize=4986 outsize=2261 ok=1
Cmd: compileSnippet
  api=4 type=0 insize=1486 outsize=973 kw=DIRECTIONAL SHADOWS_OFF LIGHTMAP_OFF DIRLIGHTMAP_OFF DYNAMICLIGHTMAP_OFF ok=1
Cmd: compileSnippet
  api=4 type=1 insize=1486 outsize=900 kw=DIRECTIONAL SHADOWS_OFF LIGHTMAP_OFF DIRLIGHTMAP_OFF DYNAMICLIGHTMAP_OFF ok=1
Cmd: compileSnippet
  api=4 type=0 insize=1913 outsize=1770 kw=SHADOWS_DEPTH ok=1
Cmd: compileSnippet
  api=4 type=1 insize=1913 outsize=2111 kw=SHADOWS_DEPTH ok=1
Cmd: preprocess
  insize=1224 outsize=541 ok=1
Cmd: compileSnippet
  api=4 type=0 insize=982 outsize=1071 kw= ok=1
Cmd: compileSnippet
  api=4 type=1 insize=982 outsize=778 kw= ok=1
Cmd: preprocess
  insize=41215 outsize=6298 ok=1
Cmd: compileSnippet
  api=4 type=0 insize=12330 outsize=1485 kw=DIRECTIONAL SHADOWS_OFF LIGHTMAP_OFF DIRLIGHTMAP_OFF DYNAMICLIGHTMAP_OFF ok=1
Cmd: compileSnippet
  api=4 type=1 insize=12330 outsize=9618 kw=DIRECTIONAL SHADOWS_OFF LIGHTMAP_OFF DIRLIGHTMAP_OFF DYNAMICLIGHTMAP_OFF ok=1
Cmd: compileSnippet
  api=4 type=2 insize=12330 outsize=2598 kw=DIRECTIONAL SHADOWS_OFF LIGHTMAP_OFF DIRLIGHTMAP_OFF DYNAMICLIGHTMAP_OFF ok=1
Cmd: compileSnippet
  api=4 type=3 insize=12330 outsize=7108 kw=DIRECTIONAL SHADOWS_OFF LIGHTMAP_OFF DIRLIGHTMAP_OFF DYNAMICLIGHTMAP_OFF ok=1
Cmd: compileSnippet
  api=4 type=0 insize=9674 outsize=1485 kw=POINT SHADOWS_OFF LIGHTMAP_OFF DIRLIGHTMAP_OFF DYNAMICLIGHTMAP_OFF ok=1
Cmd: compileSnippet
  api=4 type=1 insize=9674 outsize=5751 kw=POINT SHADOWS_OFF LIGHTMAP_OFF DIRLIGHTMAP_OFF DYNAMICLIGHTMAP_OFF ok=1
Cmd: compileSnippet
  api=4 type=2 insize=9674 outsize=2598 kw=POINT SHADOWS_OFF LIGHTMAP_OFF DIRLIGHTMAP_OFF DYNAMICLIGHTMAP_OFF ok=1
Cmd: compileSnippet
  api=4 type=3 insize=9674 outsize=7392 kw=POINT SHADOWS_OFF LIGHTMAP_OFF DIRLIGHTMAP_OFF DYNAMICLIGHTMAP_OFF ok=1
Cmd: compileSnippet
  api=4 type=0 insize=6501 outsize=1485 kw=SHADOWS_DEPTH LIGHTMAP_OFF DIRLIGHTMAP_OFF DYNAMICLIGHTMAP_OFF ok=1
Cmd: compileSnippet
  api=4 type=1 insize=6501 outsize=713 kw=SHADOWS_DEPTH LIGHTMAP_OFF DIRLIGHTMAP_OFF DYNAMICLIGHTMAP_OFF ok=1
Cmd: compileSnippet
  api=4 type=2 insize=6501 outsize=2598 kw=SHADOWS_DEPTH LIGHTMAP_OFF DIRLIGHTMAP_OFF DYNAMICLIGHTMAP_OFF ok=1
Cmd: compileSnippet
  api=4 type=3 insize=6501 outsize=6157 kw=SHADOWS_DEPTH LIGHTMAP_OFF DIRLIGHTMAP_OFF DYNAMICLIGHTMAP_OFF ok=1
Cmd: compileSnippet
  api=4 type=0 insize=7900 outsize=1485 kw=SHADOWS_DEPTH LIGHTMAP_OFF DIRLIGHTMAP_OFF DYNAMICLIGHTMAP_OFF ok=1
Cmd: compileSnippet
  api=4 type=1 insize=7900 outsize=2761 kw=SHADOWS_DEPTH LIGHTMAP_OFF DIRLIGHTMAP_OFF DYNAMICLIGHTMAP_OFF ok=1
Cmd: compileSnippet
  api=4 type=2 insize=7900 outsize=2598 kw=SHADOWS_DEPTH LIGHTMAP_OFF DIRLIGHTMAP_OFF DYNAMICLIGHTMAP_OFF ok=1
Cmd: compileSnippet
  api=4 type=3 insize=7900 outsize=6409 kw=SHADOWS_DEPTH LIGHTMAP_OFF DIRLIGHTMAP_OFF DYNAMICLIGHTMAP_OFF ok=1
Cmd: preprocess
  insize=18076 outsize=3713 ok=1
Cmd: compileSnippet
  api=4 type=0 insize=8335 outsize=3590 kw=DIRECTIONAL SHADOWS_OFF LIGHTMAP_OFF DIRLIGHTMAP_OFF DYNAMICLIGHTMAP_OFF ok=1
Cmd: compileSnippet
  api=4 type=1 insize=8335 outsize=11609 kw=DIRECTIONAL SHADOWS_OFF LIGHTMAP_OFF DIRLIGHTMAP_OFF DYNAMICLIGHTMAP_OFF ok=1
Cmd: compileSnippet
  api=4 type=0 insize=6706 outsize=4045 kw=POINT SHADOWS_OFF ok=1
Cmd: compileSnippet
  api=4 type=1 insize=6706 outsize=7075 kw=POINT SHADOWS_OFF ok=1
Cmd: preprocess
  insize=23424 outsize=5238 ok=1
Cmd: compileSnippet
  api=4 type=0 insize=7668 outsize=4613 kw=DIRECTIONAL SHADOWS_OFF LIGHTMAP_OFF DIRLIGHTMAP_OFF DYNAMICLIGHTMAP_OFF ok=1
Cmd: compileSnippet
  api=4 type=1 insize=7668 outsize=5304 kw=DIRECTIONAL SHADOWS_OFF LIGHTMAP_OFF DIRLIGHTMAP_OFF DYNAMICLIGHTMAP_OFF ok=1
Cmd: compileSnippet
  api=4 type=0 insize=5549 outsize=4898 kw=POINT SHADOWS_OFF LIGHTMAP_OFF DIRLIGHTMAP_OFF DYNAMICLIGHTMAP_OFF ok=1
Cmd: compileSnippet
  api=4 type=1 insize=5549 outsize=5255 kw=POINT SHADOWS_OFF LIGHTMAP_OFF DIRLIGHTMAP_OFF DYNAMICLIGHTMAP_OFF ok=1
Cmd: compileSnippet
  api=4 type=0 insize=2648 outsize=3809 kw=SHADOWS_DEPTH LIGHTMAP_OFF DIRLIGHTMAP_OFF DYNAMICLIGHTMAP_OFF ok=1
Cmd: compileSnippet
  api=4 type=1 insize=2648 outsize=705 kw=SHADOWS_DEPTH LIGHTMAP_OFF DIRLIGHTMAP_OFF DYNAMICLIGHTMAP_OFF ok=1
Cmd: compileSnippet
  api=4 type=0 insize=3681 outsize=4061 kw=SHADOWS_DEPTH LIGHTMAP_OFF DIRLIGHTMAP_OFF DYNAMICLIGHTMAP_OFF ok=1
Cmd: compileSnippet
  api=4 type=1 insize=3681 outsize=3216 kw=SHADOWS_DEPTH LIGHTMAP_OFF DIRLIGHTMAP_OFF DYNAMICLIGHTMAP_OFF ok=1
Cmd: preprocess
  insize=21440 outsize=3379 ok=1
Cmd: compileSnippet
  api=4 type=0 insize=8885 outsize=3947 kw=DIRECTIONAL SHADOWS_OFF LIGHTMAP_OFF DIRLIGHTMAP_OFF DYNAMICLIGHTMAP_OFF ok=1
Cmd: compileSnippet
  api=4 type=1 insize=8885 outsize=10918 kw=DIRECTIONAL SHADOWS_OFF LIGHTMAP_OFF DIRLIGHTMAP_OFF DYNAMICLIGHTMAP_OFF ok=1
Cmd: compileSnippet
  api=4 type=0 insize=6155 outsize=4264 kw=POINT SHADOWS_OFF LIGHTMAP_OFF DIRLIGHTMAP_OFF DYNAMICLIGHTMAP_OFF ok=1
Cmd: compileSnippet
  api=4 type=1 insize=6155 outsize=6962 kw=POINT SHADOWS_OFF LIGHTMAP_OFF DIRLIGHTMAP_OFF DYNAMICLIGHTMAP_OFF ok=1
Cmd: compileSnippet
  api=4 type=0 insize=4040 outsize=4443 kw=SHADOWS_DEPTH LIGHTMAP_OFF DIRLIGHTMAP_OFF DYNAMICLIGHTMAP_OFF ok=1
Cmd: compileSnippet
  api=4 type=1 insize=4040 outsize=2615 kw=SHADOWS_DEPTH LIGHTMAP_OFF DIRLIGHTMAP_OFF DYNAMICLIGHTMAP_OFF ok=1
Cmd: preprocess
  insize=15265 outsize=4613 ok=1
Cmd: compileSnippet
  api=4 type=0 insize=6238 outsize=2387 kw=DIRECTIONAL SHADOWS_OFF LIGHTMAP_OFF DIRLIGHTMAP_OFF DYNAMICLIGHTMAP_OFF ok=1
Cmd: compileSnippet
  api=4 type=1 insize=6238 outsize=5913 kw=DIRECTIONAL SHADOWS_OFF LIGHTMAP_OFF DIRLIGHTMAP_OFF DYNAMICLIGHTMAP_OFF ok=1
Cmd: compileSnippet
  api=4 type=0 insize=5093 outsize=2842 kw=POINT SHADOWS_OFF ok=1
Cmd: compileSnippet
  api=4 type=1 insize=5093 outsize=6173 kw=POINT SHADOWS_OFF ok=1
Cmd: preprocess
  insize=1920 outsize=745 ok=1
Cmd: compileSnippet
  api=4 type=0 insize=1474 outsize=1250 kw=DUMMY ok=1
Cmd: compileSnippet
  api=4 type=1 insize=1474 outsize=852 kw=DUMMY ok=1
Cmd: preprocess
  insize=2316 outsize=1021 ok=1
Cmd: compileSnippet
  api=4 type=0 insize=952 outsize=1071 kw= ok=1
Cmd: compileSnippet
  api=4 type=1 insize=952 outsize=738 kw= ok=1
Cmd: compileSnippet
  api=4 type=0 insize=946 outsize=1071 kw= ok=1
Cmd: compileSnippet
  api=4 type=1 insize=946 outsize=600 kw= ok=1
Cmd: preprocess
  insize=23133 outsize=4733 ok=1
Cmd: compileSnippet
  api=4 type=0 insize=7527 outsize=4857 kw=DIRECTIONAL SHADOWS_OFF LIGHTMAP_OFF DIRLIGHTMAP_OFF DYNAMICLIGHTMAP_OFF ok=1
Cmd: compileSnippet
  api=4 type=1 insize=7527 outsize=5068 kw=DIRECTIONAL SHADOWS_OFF LIGHTMAP_OFF DIRLIGHTMAP_OFF DYNAMICLIGHTMAP_OFF ok=1
Cmd: compileSnippet
  api=4 type=0 insize=5510 outsize=5142 kw=POINT SHADOWS_OFF LIGHTMAP_OFF DIRLIGHTMAP_OFF DYNAMICLIGHTMAP_OFF ok=1
Cmd: compileSnippet
  api=4 type=1 insize=5510 outsize=5158 kw=POINT SHADOWS_OFF LIGHTMAP_OFF DIRLIGHTMAP_OFF DYNAMICLIGHTMAP_OFF ok=1
Cmd: compileSnippet
  api=4 type=0 insize=3059 outsize=4053 kw=SHADOWS_DEPTH LIGHTMAP_OFF DIRLIGHTMAP_OFF DYNAMICLIGHTMAP_OFF ok=1
Cmd: compileSnippet
  api=4 type=1 insize=3059 outsize=1193 kw=SHADOWS_DEPTH LIGHTMAP_OFF DIRLIGHTMAP_OFF DYNAMICLIGHTMAP_OFF ok=1
Cmd: compileSnippet
  api=4 type=0 insize=3665 outsize=4305 kw=SHADOWS_DEPTH LIGHTMAP_OFF DIRLIGHTMAP_OFF DYNAMICLIGHTMAP_OFF ok=1
Cmd: compileSnippet
  api=4 type=1 insize=3665 outsize=1770 kw=SHADOWS_DEPTH LIGHTMAP_OFF DIRLIGHTMAP_OFF DYNAMICLIGHTMAP_OFF ok=1
Cmd: preprocess
  insize=12014 outsize=4897 ok=1
Cmd: compileSnippet
  api=4 type=0 insize=1150 outsize=925 kw=SHADOWS_DEPTH ok=1
Cmd: compileSnippet
  api=4 type=1 insize=1150 outsize=437 kw=SHADOWS_DEPTH ok=1
Cmd: compileSnippet
  api=4 type=0 insize=3453 outsize=3435 kw=DIRECTIONAL SHADOWS_OFF LIGHTMAP_OFF DIRLIGHTMAP_OFF DYNAMICLIGHTMAP_OFF ok=1
Cmd: compileSnippet
  api=4 type=1 insize=3453 outsize=4004 kw=DIRECTIONAL SHADOWS_OFF LIGHTMAP_OFF DIRLIGHTMAP_OFF DYNAMICLIGHTMAP_OFF ok=1
Cmd: compileSnippet
  api=4 type=0 insize=3529 outsize=3890 kw=POINT SHADOWS_OFF ok=1
Cmd: compileSnippet
  api=4 type=1 insize=3529 outsize=4394 kw=POINT SHADOWS_OFF ok=1
Cmd: preprocess
  insize=2242 outsize=967 ok=1
Cmd: compileSnippet
  api=4 type=0 insize=933 outsize=1071 kw= ok=1
Cmd: compileSnippet
  api=4 type=1 insize=933 outsize=738 kw= ok=1
Cmd: preprocess
  insize=2309 outsize=1014 ok=1
Cmd: preprocess
  insize=1921 outsize=1831 ok=1
Cmd: compileSnippet
  api=4 type=0 insize=8209 outsize=4272 kw=DIRECTIONAL SHADOWS_OFF LIGHTMAP_OFF DIRLIGHTMAP_OFF DYNAMICLIGHTMAP_OFF ok=1
Cmd: compileSnippet
  api=4 type=1 insize=8209 outsize=1233 kw=DIRECTIONAL SHADOWS_OFF LIGHTMAP_OFF DIRLIGHTMAP_OFF DYNAMICLIGHTMAP_OFF ok=1
Cmd: compileSnippet
  api=4 type=0 insize=5046 outsize=3362 kw=POINT ok=1
Cmd: compileSnippet
  api=4 type=1 insize=5046 outsize=1867 kw=POINT ok=1
Cmd: compileSnippet
  api=4 type=0 insize=4204 outsize=3175 kw= ok=1
Cmd: compileSnippet
  api=4 type=1 insize=4204 outsize=681 kw= ok=1
Cmd: compileSnippet
  api=4 type=0 insize=7374 outsize=4711 kw=LIGHTMAP_OFF DIRLIGHTMAP_OFF DYNAMICLIGHTMAP_OFF HDR_LIGHT_PREPASS_OFF ok=1
Cmd: compileSnippet
  api=4 type=1 insize=7374 outsize=1250 kw=LIGHTMAP_OFF DIRLIGHTMAP_OFF DYNAMICLIGHTMAP_OFF HDR_LIGHT_PREPASS_OFF ok=1
Cmd: compileSnippet
  api=4 type=0 insize=7327 outsize=4410 kw=LIGHTMAP_OFF DIRLIGHTMAP_OFF DYNAMICLIGHTMAP_OFF HDR_LIGHT_PREPASS_OFF ok=1
Cmd: compileSnippet
  api=4 type=1 insize=7327 outsize=1534 kw=LIGHTMAP_OFF DIRLIGHTMAP_OFF DYNAMICLIGHTMAP_OFF HDR_LIGHT_PREPASS_OFF ok=1
Cmd: compileSnippet
  api=4 type=0 insize=4009 outsize=4622 kw=SHADOWS_DEPTH ok=1
Cmd: compileSnippet
  api=4 type=1 insize=4009 outsize=510 kw=SHADOWS_DEPTH ok=1
Cmd: compileSnippet
  api=4 type=0 insize=4395 outsize=3094 kw= ok=1
Cmd: compileSnippet
  api=4 type=1 insize=4395 outsize=1233 kw= ok=1
Cmd: compileSnippet
  api=4 type=0 insize=751 outsize=3517 kw=SHADOWS_DEPTH ok=1
Cmd: compileSnippet
  api=4 type=1 insize=751 outsize=364 kw=SHADOWS_DEPTH ok=1
Cmd: compileSnippet
  api=4 type=0 insize=982 outsize=3963 kw=DIRECTIONAL SHADOWS_OFF LIGHTMAP_OFF DIRLIGHTMAP_OFF DYNAMICLIGHTMAP_OFF ok=1
Cmd: compileSnippet
  api=4 type=1 insize=982 outsize=10488 kw=DIRECTIONAL SHADOWS_OFF LIGHTMAP_OFF DIRLIGHTMAP_OFF DYNAMICLIGHTMAP_OFF ok=1
Cmd: compileSnippet
  api=4 type=0 insize=938 outsize=4020 kw=DIRECTIONAL SHADOWS_OFF ok=1
Cmd: compileSnippet
  api=4 type=1 insize=938 outsize=5442 kw=DIRECTIONAL SHADOWS_OFF ok=1
Cmd: compileSnippet
  api=4 type=0 insize=541 outsize=3517 kw=SHADOWS_DEPTH ok=1
Cmd: compileSnippet
  api=4 type=1 insize=541 outsize=437 kw=SHADOWS_DEPTH ok=1
Cmd: compileSnippet
  api=4 type=0 insize=5391 outsize=3622 kw=DIRECTIONAL SHADOWS_OFF LIGHTMAP_OFF DIRLIGHTMAP_OFF DYNAMICLIGHTMAP_OFF ok=1
Cmd: compileSnippet
  api=4 type=1 insize=5391 outsize=6425 kw=DIRECTIONAL SHADOWS_OFF LIGHTMAP_OFF DIRLIGHTMAP_OFF DYNAMICLIGHTMAP_OFF ok=1
Cmd: compileSnippet
  api=4 type=0 insize=5549 outsize=4475 kw=DIRECTIONAL SHADOWS_OFF LIGHTMAP_OFF DIRLIGHTMAP_OFF DYNAMICLIGHTMAP_OFF ok=1
Cmd: compileSnippet
  api=4 type=1 insize=5549 outsize=4947 kw=DIRECTIONAL SHADOWS_OFF LIGHTMAP_OFF DIRLIGHTMAP_OFF DYNAMICLIGHTMAP_OFF ok=1
Cmd: compileSnippet
  api=4 type=0 insize=6706 outsize=3590 kw=DIRECTIONAL SHADOWS_OFF ok=1
Cmd: compileSnippet
  api=4 type=1 insize=6706 outsize=6767 kw=DIRECTIONAL SHADOWS_OFF ok=1
Cmd: compileSnippet
  api=4 type=0 insize=5574 outsize=3809 kw=DIRECTIONAL SHADOWS_OFF LIGHTMAP_OFF DIRLIGHTMAP_OFF DYNAMICLIGHTMAP_OFF ok=1
Cmd: compileSnippet
  api=4 type=1 insize=5574 outsize=7027 kw=DIRECTIONAL SHADOWS_OFF LIGHTMAP_OFF DIRLIGHTMAP_OFF DYNAMICLIGHTMAP_OFF ok=1
Cmd: compileSnippet
  api=4 type=0 insize=6155 outsize=3809 kw=DIRECTIONAL SHADOWS_OFF LIGHTMAP_OFF DIRLIGHTMAP_OFF DYNAMICLIGHTMAP_OFF ok=1
Cmd: compileSnippet
  api=4 type=1 insize=6155 outsize=6653 kw=DIRECTIONAL SHADOWS_OFF LIGHTMAP_OFF DIRLIGHTMAP_OFF DYNAMICLIGHTMAP_OFF ok=1
Cmd: compileSnippet
  api=4 type=0 insize=3071 outsize=6409 kw=SHADOWS_DEPTH ok=1
Cmd: compileSnippet
  api=4 type=1 insize=3071 outsize=510 kw=SHADOWS_DEPTH ok=1
Cmd: compileSnippet
  api=4 type=0 insize=7509 outsize=7538 kw=DIRECTIONAL SHADOWS_OFF LIGHTMAP_OFF DIRLIGHTMAP_OFF DYNAMICLIGHTMAP_OFF ok=1
Cmd: compileSnippet
  api=4 type=1 insize=7509 outsize=3403 kw=DIRECTIONAL SHADOWS_OFF LIGHTMAP_OFF DIRLIGHTMAP_OFF DYNAMICLIGHTMAP_OFF ok=1
Cmd: compileSnippet
  api=4 type=0 insize=1074 outsize=7352 kw=SHADOWS_DEPTH ok=1
Cmd: compileSnippet
  api=4 type=1 insize=1074 outsize=868 kw=SHADOWS_DEPTH ok=1
Cmd: compileSnippet
  api=4 type=0 insize=2081 outsize=8968 kw=DIRECTIONAL SHADOWS_OFF LIGHTMAP_OFF DIRLIGHTMAP_OFF DYNAMICLIGHTMAP_OFF ok=1
Cmd: compileSnippet
  api=4 type=1 insize=2081 outsize=982 kw=DIRECTIONAL SHADOWS_OFF LIGHTMAP_OFF DIRLIGHTMAP_OFF DYNAMICLIGHTMAP_OFF ok=1
Cmd: compileSnippet
  api=4 type=0 insize=5077 outsize=6620 kw=DIRECTIONAL ok=1
Cmd: compileSnippet
  api=4 type=1 insize=5077 outsize=3208 kw=DIRECTIONAL ok=1
Cmd: compileSnippet
  api=4 type=0 insize=2088 outsize=8968 kw=DIRECTIONAL SHADOWS_OFF LIGHTMAP_OFF DIRLIGHTMAP_OFF DYNAMICLIGHTMAP_OFF ok=1
Cmd: compileSnippet
  api=4 type=1 insize=2088 outsize=982 kw=DIRECTIONAL SHADOWS_OFF LIGHTMAP_OFF DIRLIGHTMAP_OFF DYNAMICLIGHTMAP_OFF ok=1
Cmd: compileSnippet
  api=4 type=0 insize=4264 outsize=2387 kw=DIRECTIONAL SHADOWS_OFF ok=1
Cmd: compileSnippet
  api=4 type=1 insize=4264 outsize=4622 kw=DIRECTIONAL SHADOWS_OFF ok=1
Cmd: compileSnippet
  api=4 type=0 insize=3529 outsize=3435 kw=DIRECTIONAL SHADOWS_OFF ok=1
Cmd: compileSnippet
  api=4 type=1 insize=3529 outsize=4077 kw=DIRECTIONAL SHADOWS_OFF ok=1
Cmd: compileSnippet
  api=4 type=0 insize=5510 outsize=4719 kw=DIRECTIONAL SHADOWS_OFF LIGHTMAP_OFF DIRLIGHTMAP_OFF DYNAMICLIGHTMAP_OFF ok=1
Cmd: compileSnippet
  api=4 type=1 insize=5510 outsize=4849 kw=DIRECTIONAL SHADOWS_OFF LIGHTMAP_OFF DIRLIGHTMAP_OFF DYNAMICLIGHTMAP_OFF ok=1
Cmd: compileSnippet
  api=4 type=0 insize=9674 outsize=1485 kw=DIRECTIONAL SHADOWS_OFF LIGHTMAP_OFF DIRLIGHTMAP_OFF DYNAMICLIGHTMAP_OFF ok=1
Cmd: compileSnippet
  api=4 type=1 insize=9674 outsize=5426 kw=DIRECTIONAL SHADOWS_OFF LIGHTMAP_OFF DIRLIGHTMAP_OFF DYNAMICLIGHTMAP_OFF ok=1
Cmd: compileSnippet
  api=4 type=2 insize=9674 outsize=2598 kw=DIRECTIONAL SHADOWS_OFF LIGHTMAP_OFF DIRLIGHTMAP_OFF DYNAMICLIGHTMAP_OFF ok=1
Cmd: compileSnippet
  api=4 type=3 insize=9674 outsize=6970 kw=DIRECTIONAL SHADOWS_OFF LIGHTMAP_OFF DIRLIGHTMAP_OFF DYNAMICLIGHTMAP_OFF ok=1
Cmd: compileSnippet
  api=4 type=0 insize=9591 outsize=10342 kw=UNITY_COLORSPACE_GAMMA ok=1
Cmd: compileSnippet
  api=4 type=1 insize=9591 outsize=2623 kw=UNITY_COLORSPACE_GAMMA ok=1
Cmd: compileSnippet
  api=4 type=0 insize=3445 outsize=7018 kw=SHADOWS_DEPTH ok=1
Cmd: compileSnippet
  api=4 type=1 insize=3445 outsize=1014 kw=SHADOWS_DEPTH ok=1
Cmd: compileSnippet
  api=4 type=0 insize=3054 outsize=6645 kw=SHADOWS_DEPTH ok=1
Cmd: compileSnippet
  api=4 type=1 insize=3054 outsize=1014 kw=SHADOWS_DEPTH ok=1
Cmd: compileSnippet
  api=4 type=0 insize=982 outsize=4321 kw=DIRECTIONAL SHADOWS_SCREEN LIGHTMAP_OFF DIRLIGHTMAP_OFF DYNAMICLIGHTMAP_OFF ok=1
Cmd: compileSnippet
  api=4 type=1 insize=982 outsize=10797 kw=DIRECTIONAL SHADOWS_SCREEN LIGHTMAP_OFF DIRLIGHTMAP_OFF DYNAMICLIGHTMAP_OFF ok=1
Cmd: compileSnippet
  api=4 type=0 insize=7509 outsize=7953 kw=DIRECTIONAL SHADOWS_SCREEN LIGHTMAP_OFF DIRLIGHTMAP_OFF DYNAMICLIGHTMAP_OFF ok=1
Cmd: compileSnippet
  api=4 type=1 insize=7509 outsize=3712 kw=DIRECTIONAL SHADOWS_SCREEN LIGHTMAP_OFF DIRLIGHTMAP_OFF DYNAMICLIGHTMAP_OFF ok=1
Cmd: compileSnippet
  api=4 type=0 insize=2081 outsize=9399 kw=DIRECTIONAL SHADOWS_SCREEN LIGHTMAP_OFF DIRLIGHTMAP_OFF DYNAMICLIGHTMAP_OFF ok=1
Cmd: compileSnippet
  api=4 type=1 insize=2081 outsize=1526 kw=DIRECTIONAL SHADOWS_SCREEN LIGHTMAP_OFF DIRLIGHTMAP_OFF DYNAMICLIGHTMAP_OFF ok=1
Cmd: compileSnippet
  api=4 type=0 insize=7502 outsize=6929 kw=DIRECTIONAL SHADOWS_SCREEN LIGHTMAP_OFF DIRLIGHTMAP_OFF DYNAMICLIGHTMAP_OFF ok=1
Cmd: compileSnippet
  api=4 type=1 insize=7502 outsize=1859 kw=DIRECTIONAL SHADOWS_SCREEN LIGHTMAP_OFF DIRLIGHTMAP_OFF DYNAMICLIGHTMAP_OFF ok=1
Cmd: compileSnippet
  api=4 type=0 insize=2996 outsize=2468 kw= ok=1
Cmd: compileSnippet
  api=4 type=1 insize=2996 outsize=1298 kw= ok=1
Cmd: compileSnippet
  api=4 type=0 insize=530 outsize=2208 kw= ok=1
Cmd: compileSnippet
  api=4 type=1 insize=530 outsize=1883 kw= ok=1
Cmd: compileSnippet
  api=4 type=0 insize=982 outsize=4695 kw=DIRECTIONAL SHADOWS_SCREEN LIGHTMAP_OFF DIRLIGHTMAP_COMBINED DYNAMICLIGHTMAP_ON ok=1
Cmd: compileSnippet
  api=4 type=1 insize=982 outsize=11317 kw=DIRECTIONAL SHADOWS_SCREEN LIGHTMAP_OFF DIRLIGHTMAP_COMBINED DYNAMICLIGHTMAP_ON ok=1
Cmd: compileSnippet
  api=4 type=0 insize=7502 outsize=6303 kw=DIRECTIONAL SHADOWS_SCREEN LIGHTMAP_OFF DIRLIGHTMAP_COMBINED DYNAMICLIGHTMAP_ON ok=1
Cmd: compileSnippet
  api=4 type=1 insize=7502 outsize=2672 kw=DIRECTIONAL SHADOWS_SCREEN LIGHTMAP_OFF DIRLIGHTMAP_COMBINED DYNAMICLIGHTMAP_ON ok=1
Cmd: compileSnippet
  api=4 type=0 insize=751 outsize=3517 kw=SHADOWS_DEPTH ok=1
Cmd: compileSnippet
  api=4 type=1 insize=751 outsize=364 kw=SHADOWS_DEPTH ok=1
Cmd: compileSnippet
  api=4 type=0 insize=977 outsize=4695 kw=DIRECTIONAL SHADOWS_SCREEN LIGHTMAP_OFF DIRLIGHTMAP_COMBINED DYNAMICLIGHTMAP_ON ok=1
Cmd: compileSnippet
  api=4 type=1 insize=977 outsize=11260 kw=DIRECTIONAL SHADOWS_SCREEN LIGHTMAP_OFF DIRLIGHTMAP_COMBINED DYNAMICLIGHTMAP_ON ok=1
Cmd: compileSnippet
  api=4 type=0 insize=977 outsize=3963 kw=DIRECTIONAL SHADOWS_OFF LIGHTMAP_OFF DIRLIGHTMAP_OFF DYNAMICLIGHTMAP_OFF ok=1
Cmd: compileSnippet
  api=4 type=1 insize=977 outsize=10431 kw=DIRECTIONAL SHADOWS_OFF LIGHTMAP_OFF DIRLIGHTMAP_OFF DYNAMICLIGHTMAP_OFF ok=1
Cmd: compileSnippet
  api=4 type=0 insize=934 outsize=4020 kw=DIRECTIONAL SHADOWS_OFF ok=1
Cmd: compileSnippet
  api=4 type=1 insize=934 outsize=5328 kw=DIRECTIONAL SHADOWS_OFF ok=1
Cmd: compileSnippet
  api=4 type=0 insize=1482 outsize=1274 kw=SOFTPARTICLES_OFF ok=1
Cmd: compileSnippet
  api=4 type=1 insize=1482 outsize=933 kw=SOFTPARTICLES_OFF ok=1
Cmd: compileSnippet
  api=4 type=0 insize=1482 outsize=2022 kw=SOFTPARTICLES_ON ok=1
Cmd: compileSnippet
  api=4 type=1 insize=1482 outsize=1656 kw=SOFTPARTICLES_ON ok=1
Cmd: compileSnippet
  api=4 type=0 insize=7502 outsize=5857 kw=DIRECTIONAL SHADOWS_OFF LIGHTMAP_OFF DIRLIGHTMAP_COMBINED DYNAMICLIGHTMAP_ON ok=1
Cmd: compileSnippet
  api=4 type=1 insize=7502 outsize=2355 kw=DIRECTIONAL SHADOWS_OFF LIGHTMAP_OFF DIRLIGHTMAP_COMBINED DYNAMICLIGHTMAP_ON ok=1
Cmd: compileSnippet
  api=4 type=0 insize=982 outsize=4337 kw=DIRECTIONAL SHADOWS_OFF LIGHTMAP_OFF DIRLIGHTMAP_COMBINED DYNAMICLIGHTMAP_ON ok=1
Cmd: compileSnippet
  api=4 type=1 insize=982 outsize=11008 kw=DIRECTIONAL SHADOWS_OFF LIGHTMAP_OFF DIRLIGHTMAP_COMBINED DYNAMICLIGHTMAP_ON ok=1
Cmd: compileSnippet
  api=4 type=0 insize=6810 outsize=3021 kw=DIRECTIONAL SHADOWS_OFF LIGHTMAP_OFF DIRLIGHTMAP_COMBINED DYNAMICLIGHTMAP_ON ok=1
Cmd: compileSnippet
  api=4 type=1 insize=6810 outsize=2111 kw=DIRECTIONAL SHADOWS_OFF LIGHTMAP_OFF DIRLIGHTMAP_COMBINED DYNAMICLIGHTMAP_ON ok=1
Cmd: preprocess
  insize=2316 outsize=1021 ok=1
Cmd: preprocess
  insize=2316 outsize=1021 ok=1
Cmd: preprocess
  insize=3254 outsize=1130 ok=1
Cmd: compileSnippet
  api=4 type=0 insize=1136 outsize=1201 kw= ok=1
Cmd: compileSnippet
  api=4 type=1 insize=1136 outsize=600 kw= ok=1
Cmd: preprocess
  insize=3258 outsize=1134 ok=1
Cmd: preprocess
  insize=1070 outsize=235 ok=1
Cmd: compileSnippet
  api=4 type=0 insize=1132 outsize=1201 kw= ok=1
Cmd: compileSnippet
  api=4 type=1 insize=1132 outsize=600 kw= ok=1
Cmd: preprocess
  insize=1117 outsize=282 ok=1
Cmd: compileSnippet
  api=4 type=0 insize=1132 outsize=1201 kw= ok=1
Cmd: compileSnippet
  api=4 type=1 insize=1132 outsize=600 kw= ok=1
Cmd: preprocess
  insize=1145 outsize=310 ok=1
Cmd: compileSnippet
  api=4 type=0 insize=1134 outsize=1201 kw= ok=1
Cmd: compileSnippet
  api=4 type=1 insize=1134 outsize=600 kw= ok=1
Cmd: preprocess
  insize=3253 outsize=1130 ok=1
Cmd: compileSnippet
  api=4 type=0 insize=952 outsize=1071 kw= ok=1
Cmd: compileSnippet
  api=4 type=1 insize=952 outsize=738 kw= ok=1
Cmd: compileSnippet
  api=4 type=0 insize=946 outsize=1071 kw= ok=1
Cmd: compileSnippet
  api=4 type=1 insize=946 outsize=600 kw= ok=1
Cmd: compileSnippet
  api=4 type=0 insize=1136 outsize=1201 kw= ok=1
Cmd: compileSnippet
  api=4 type=1 insize=1136 outsize=600 kw= ok=1
Cmd: preprocess
  insize=2312 outsize=1017 ok=1
Cmd: compileSnippet
  api=4 type=0 insize=952 outsize=1071 kw= ok=1
Cmd: compileSnippet
  api=4 type=1 insize=952 outsize=738 kw= ok=1
Cmd: compileSnippet
  api=4 type=0 insize=946 outsize=1071 kw= ok=1
Cmd: compileSnippet
  api=4 type=1 insize=946 outsize=600 kw= ok=1
Cmd: preprocess
  insize=2486 outsize=1017 ok=1
Cmd: compileSnippet
  error: 2 plat 4 at (52): invalid subscript 'pos'\nCompiling Vertex program
  api=4 type=0 insize=1126 outsize=0 kw= ok=0
Cmd: preprocess
  insize=2534 outsize=1017 ok=1
Cmd: compileSnippet
  error: 2 plat 4 at (52): invalid subscript 'pos'\nCompiling Vertex program
  api=4 type=0 insize=1174 outsize=0 kw= ok=0
Cmd: preprocess
  insize=2572 outsize=1017 ok=1
Cmd: compileSnippet
  error: 2 plat 4 at (55): undeclared identifier 'input'\nCompiling Vertex program
  api=4 type=0 insize=1212 outsize=0 kw= ok=0
Cmd: preprocess
  insize=2560 outsize=1017 ok=1
Cmd: compileSnippet
  error: 2 plat 4 at (57): invalid subscript 'tex'\nCompiling Vertex program
  api=4 type=0 insize=1200 outsize=0 kw= ok=0
Cmd: preprocess
  insize=2565 outsize=1017 ok=1
Cmd: compileSnippet
  error: 2 plat 4 at (57): invalid subscript 'tex'\nCompiling Vertex program
  api=4 type=0 insize=1205 outsize=0 kw= ok=0
Cmd: preprocess
  insize=2570 outsize=1017 ok=1
Cmd: compileSnippet
  error: 2 plat 4 at (43): Duplicate system value semantic definition: output semantic 'SV_POSITION' and output semantic 'SV_POSITION'\nCompiling Vertex program
  error: 2 plat 4 at (45): Duplicate system value semantic definition: output semantic 'SV_POSITION' and output semantic 'SV_POSITION'\nCompiling Vertex program
  api=4 type=0 insize=1210 outsize=0 kw= ok=0
Cmd: preprocess
  insize=2543 outsize=1017 ok=1
Cmd: compileSnippet
  api=4 type=0 insize=1183 outsize=1071 kw= ok=1
Cmd: compileSnippet
  api=4 type=1 insize=1183 outsize=738 kw= ok=1
Cmd: compileSnippet
  api=4 type=0 insize=946 outsize=1071 kw= ok=1
Cmd: compileSnippet
  api=4 type=1 insize=946 outsize=600 kw= ok=1
Cmd: preprocess
  insize=2490 outsize=1016 ok=1
Cmd: compileSnippet
  api=4 type=0 insize=1130 outsize=990 kw= ok=1
Cmd: compileSnippet
  api=4 type=1 insize=1130 outsize=738 kw= ok=1
Cmd: compileSnippet
  api=4 type=0 insize=946 outsize=1071 kw= ok=1
Cmd: compileSnippet
  api=4 type=1 insize=946 outsize=600 kw= ok=1
Cmd: preprocess
  insize=2442 outsize=1017 ok=1
Cmd: compileSnippet
  api=4 type=0 insize=1082 outsize=1201 kw= ok=1
Cmd: compileSnippet
  api=4 type=1 insize=1082 outsize=738 kw= ok=1
Cmd: compileSnippet
  api=4 type=0 insize=946 outsize=1071 kw= ok=1
Cmd: compileSnippet
  api=4 type=1 insize=946 outsize=600 kw= ok=1
Cmd: preprocess
  insize=2543 outsize=1017 ok=1
Cmd: preprocess
  insize=2549 outsize=1016 ok=1
Cmd: compileSnippet
  error: 2 plat 4 at (68): undeclared identifier 'tex'\nCompiling Vertex program
  api=4 type=0 insize=1189 outsize=0 kw= ok=0
Cmd: preprocess
  insize=2607 outsize=1017 ok=1
Cmd: compileSnippet
  error: 2 plat 4 at (70): undeclared identifier 'input'\nCompiling Vertex program
  api=4 type=0 insize=1247 outsize=0 kw= ok=0
Cmd: preprocess
  insize=2603 outsize=1017 ok=1
Cmd: compileSnippet
  error: 2 plat 4 at (70): undeclared identifier 'v'\nCompiling Vertex program
  api=4 type=0 insize=1243 outsize=0 kw= ok=0
Cmd: preprocess
  insize=2608 outsize=1017 ok=1
Cmd: compileSnippet
  error: 2 plat 4 at (70): undeclared identifier 'v'\nCompiling Vertex program
  api=4 type=0 insize=1248 outsize=0 kw= ok=0
Cmd: preprocess
  insize=2608 outsize=1017 ok=1
Cmd: compileSnippet
  error: 2 plat 4 at (70): undeclared identifier 'o'\nCompiling Vertex program
  api=4 type=0 insize=1248 outsize=0 kw= ok=0
Cmd: preprocess
  insize=2601 outsize=1017 ok=1
Cmd: compileSnippet
  error: 2 plat 4 at (70): undeclared identifier 'tex'\nCompiling Vertex program
  api=4 type=0 insize=1241 outsize=0 kw= ok=0
Cmd: preprocess
  insize=2556 outsize=1017 ok=1
Cmd: compileSnippet
  api=4 type=0 insize=1196 outsize=1201 kw= ok=1
Cmd: compileSnippet
  error: 2 plat 4 at (65): 'frag': Not all control paths return a value\nCompiling Fragment program
  api=4 type=1 insize=1196 outsize=0 kw= ok=0
Cmd: preprocess
  insize=2611 outsize=1018 ok=1
Cmd: compileSnippet
  error: 2 plat 4 at (70): invalid subscript 'tex'\nCompiling Vertex program
  api=4 type=0 insize=1251 outsize=0 kw= ok=0
Cmd: preprocess
  insize=2658 outsize=1018 ok=1
Cmd: compileSnippet
  error: 2 plat 4 at (66): unrecognized identifier 'vertexOutput'\nCompiling Vertex program
  api=4 type=0 insize=1298 outsize=0 kw= ok=0
Cmd: preprocess
  insize=2646 outsize=1018 ok=1
Cmd: compileSnippet
  error: 2 plat 4 at (66): unrecognized identifier 'vert'\nCompiling Vertex program
  api=4 type=0 insize=1286 outsize=0 kw= ok=0
Cmd: preprocess
  insize=2645 outsize=1018 ok=1
Cmd: compileSnippet
  error: 2 plat 4 at (71): invalid subscript 'tex'\nCompiling Vertex program
  api=4 type=0 insize=1285 outsize=0 kw= ok=0
Cmd: preprocess
  insize=2659 outsize=1017 ok=1
Cmd: compileSnippet
  error: 2 plat 4 at (71): undeclared identifier 'input'\nCompiling Vertex program
  api=4 type=0 insize=1299 outsize=0 kw= ok=0
Cmd: preprocess
  insize=2664 outsize=1018 ok=1
Cmd: compileSnippet
  error: 2 plat 4 at (71): undeclared identifier 'input'\nCompiling Vertex program
  api=4 type=0 insize=1304 outsize=0 kw= ok=0
Cmd: preprocess
  insize=2660 outsize=1018 ok=1
Cmd: compileSnippet
  api=4 type=0 insize=1300 outsize=1201 kw= ok=1
Cmd: compileSnippet
  api=4 type=1 insize=1300 outsize=600 kw= ok=1
Cmd: compileSnippet
  api=4 type=0 insize=946 outsize=1071 kw= ok=1
Cmd: compileSnippet
  api=4 type=1 insize=946 outsize=600 kw= ok=1
Cmd: preprocess
  insize=2656 outsize=1018 ok=1
Cmd: compileSnippet
  api=4 type=0 insize=1296 outsize=1201 kw= ok=1
Cmd: compileSnippet
  api=4 type=1 insize=1296 outsize=738 kw= ok=1
Cmd: preprocess
  insize=2658 outsize=1018 ok=1
Cmd: compileSnippet
  api=4 type=0 insize=1298 outsize=1201 kw= ok=1
Cmd: compileSnippet
  api=4 type=1 insize=1298 outsize=738 kw= ok=1
Cmd: preprocess
  insize=2660 outsize=1018 ok=1
Cmd: compileSnippet
  api=4 type=0 insize=1300 outsize=1201 kw= ok=1
Cmd: compileSnippet
  api=4 type=1 insize=1300 outsize=600 kw= ok=1
Cmd: preprocess
  insize=2656 outsize=1018 ok=1
Cmd: compileSnippet
  api=4 type=0 insize=1296 outsize=1201 kw= ok=1
Cmd: compileSnippet
  api=4 type=1 insize=1296 outsize=738 kw= ok=1
Cmd: preprocess
  insize=2658 outsize=1018 ok=1
Cmd: compileSnippet
  api=4 type=0 insize=1298 outsize=1201 kw= ok=1
Cmd: compileSnippet
  api=4 type=1 insize=1298 outsize=738 kw= ok=1
Cmd: preprocess
  insize=1296 outsize=649 ok=1
Cmd: compileSnippet
  api=4 type=0 insize=946 outsize=1071 kw= ok=1
Cmd: compileSnippet
  api=4 type=1 insize=946 outsize=600 kw= ok=1
Cmd: preprocess
  insize=2845 outsize=1018 ok=1
Cmd: compileSnippet
  error: 2 plat 4 at (113): invalid subscript 'tex'\nCompiling Vertex program
  api=4 type=0 insize=1133 outsize=0 kw= ok=0
Cmd: preprocess
  insize=2855 outsize=1018 ok=1
Cmd: compileSnippet
  api=4 type=0 insize=1143 outsize=1201 kw= ok=1
Cmd: compileSnippet
  api=4 type=1 insize=1143 outsize=600 kw= ok=1
Cmd: preprocess
  insize=2851 outsize=1018 ok=1
Cmd: compileSnippet
  api=4 type=0 insize=1139 outsize=1071 kw= ok=1
Cmd: compileSnippet
  api=4 type=1 insize=1139 outsize=600 kw= ok=1
Cmd: preprocess
  insize=2902 outsize=1017 ok=1
Cmd: compileSnippet
  error: 2 plat 4 at (122): unrecognized identifier 'vertexOutput'\nCompiling Vertex program
  api=4 type=0 insize=1190 outsize=0 kw= ok=0
Cmd: preprocess
  insize=2958 outsize=1018 ok=1
Cmd: compileSnippet
  error: 2 plat 4 at (122): unrecognized identifier 'vertexOutput'\nCompiling Vertex program
  api=4 type=0 insize=1246 outsize=0 kw= ok=0
Cmd: preprocess
  insize=2945 outsize=1018 ok=1
Cmd: compileSnippet
  api=4 type=0 insize=1233 outsize=1201 kw= ok=1
Cmd: compileSnippet
  api=4 type=1 insize=1233 outsize=600 kw= ok=1
Cmd: preprocess
  insize=2943 outsize=1018 ok=1
Cmd: compileSnippet
  error: 2 plat 4 at (126): undeclared identifier 'tex'\nCompiling Vertex program
  api=4 type=0 insize=1231 outsize=0 kw= ok=0
Cmd: preprocess
  insize=2941 outsize=1018 ok=1
Cmd: compileSnippet
  error: 2 plat 4 at (126): 'tex': identifier represents a variable, not a function\nCompiling Vertex program
  api=4 type=0 insize=1229 outsize=0 kw= ok=0
Cmd: preprocess
  insize=2943 outsize=1018 ok=1
Cmd: compileSnippet
  api=4 type=0 insize=1231 outsize=1201 kw= ok=1
Cmd: compileSnippet
  api=4 type=1 insize=1231 outsize=600 kw= ok=1
Cmd: preprocess
  insize=2900 outsize=1018 ok=1
Cmd: compileSnippet
  api=4 type=0 insize=1188 outsize=1201 kw= ok=1
Cmd: compileSnippet
  api=4 type=1 insize=1188 outsize=600 kw= ok=1
Cmd: preprocess
  insize=2842 outsize=1018 ok=1
Cmd: compileSnippet
  api=4 type=0 insize=1240 outsize=1201 kw= ok=1
Cmd: compileSnippet
  api=4 type=1 insize=1240 outsize=738 kw= ok=1
Cmd: compileSnippet
  api=4 type=0 insize=1188 outsize=1201 kw= ok=1
Cmd: compileSnippet
  api=4 type=1 insize=1188 outsize=600 kw= ok=1
Cmd: preprocess
  insize=2815 outsize=1017 ok=1
Cmd: compileSnippet
  api=4 type=0 insize=1213 outsize=990 kw= ok=1
Cmd: compileSnippet
  api=4 type=1 insize=1213 outsize=738 kw= ok=1
Cmd: compileSnippet
  api=4 type=0 insize=1188 outsize=1201 kw= ok=1
Cmd: compileSnippet
  api=4 type=1 insize=1188 outsize=600 kw= ok=1
Cmd: preprocess
  insize=2813 outsize=1017 ok=1
Cmd: compileSnippet
  api=4 type=0 insize=1211 outsize=1071 kw= ok=1
Cmd: compileSnippet
  api=4 type=1 insize=1211 outsize=738 kw= ok=1
Cmd: preprocess
  insize=2820 outsize=1017 ok=1
Cmd: compileSnippet
  api=4 type=0 insize=1220 outsize=1201 kw= ok=1
Cmd: compileSnippet
  api=4 type=1 insize=1220 outsize=738 kw= ok=1
Cmd: compileSnippet
  api=4 type=0 insize=1186 outsize=990 kw= ok=1
Cmd: compileSnippet
  api=4 type=1 insize=1186 outsize=600 kw= ok=1
Cmd: preprocess
  insize=2820 outsize=1017 ok=1
Cmd: compileSnippet
  api=4 type=0 insize=1186 outsize=1282 kw= ok=1
Cmd: compileSnippet
  api=4 type=1 insize=1186 outsize=600 kw= ok=1
Cmd: preprocess
  insize=2768 outsize=1017 ok=1
Cmd: compileSnippet
  api=4 type=0 insize=1134 outsize=1168 kw= ok=1
Cmd: compileSnippet
  api=4 type=1 insize=1134 outsize=600 kw= ok=1
Cmd: preprocess
  insize=2767 outsize=1017 ok=1
Cmd: compileSnippet
  api=4 type=0 insize=1133 outsize=1201 kw= ok=1
Cmd: compileSnippet
  api=4 type=1 insize=1133 outsize=600 kw= ok=1
Cmd: preprocess
  insize=2766 outsize=1017 ok=1
Cmd: compileSnippet
  api=4 type=0 insize=1132 outsize=1266 kw= ok=1
Cmd: compileSnippet
  api=4 type=1 insize=1132 outsize=600 kw= ok=1
Cmd: preprocess
  insize=2766 outsize=1018 ok=1
Cmd: compileSnippet
  api=4 type=0 insize=1132 outsize=1396 kw= ok=1
Cmd: compileSnippet
  api=4 type=1 insize=1132 outsize=600 kw= ok=1
Cmd: preprocess
  insize=2723 outsize=1018 ok=1
Cmd: compileSnippet
  error: 2 plat 4 at (108): 'mul': no matching 0 parameter intrinsic function; Possible intrinsic functions are: mul(float|half|double|min10float|min16float|int|uint|min12int|min16int|min16uint, float|half|double|min10float|min16float|int|uint|min12int|min16int|min16uint) mul(float|half|double|min10float|min16float|int|uint|min12int|min16int|min16uint, floatK|halfK|doubleK|min10floatK|min16floatK|intK|uintK|min12intK|min16intK|min16uintK) mul(float|half|double|min10float|min16float|int|uint|min12int|min16int|min16uint, floatLxK|halfLxK|doubleLxK|min10floatLxK|min16floatLxK|intLxK|uintLxK|min12intLxK|min16intLxK|min16uintLxK) mul(floatM|halfM|doubleM|min10floatM|min16floatM|intM|uintM|min12intM|min16intM|min16uintM, float|half|double|min10float|min16float|int|uint|min12int|min16int|min16uint) mul(floatM|halfM|doubleM|min10floatM|min16floatM|intM|uintM|min12intM|min16intM|min16uintM, floatM|halfM|doubleM|min10floatM|min16floatM|intM|uintM|min12intM|min16intM|min16uintM) mul(floatM|halfM|doubleM|min10floatM|min16floatM|intM|uintM|min12intM|min16intM|min16uintM, floatMxK|halfMxK|doubleMxK|min10floatMxK|min16floatMxK|intMxK|uintMxK|min12intMxK|min16intMxK|min16uintMxK) mul(floatNxM|halfNxM|doubleNxM|min10floatNxM|min16floatNxM|intNxM|uintNxM|min12intNxM|min16intNxM|min16uintNxM, float|half|double|min10float|min16float|int|uint|min12int|min16int|min16uint) mul(floatNxM|halfNxM|doubleNxM|min10floatNxM|min16floatNxM|intNxM|uintNxM|min12intNxM|min16intNxM|min16uintNxM, floatM|halfM|doubleM|min10floatM|min16floatM|intM|uintM|min12intM|min16intM|min16uintM) mul(floatNxM|halfNxM|doubleNxM|min10floatNxM|min16floatNxM|intNxM|uintNxM|min12intNxM|min16intNxM|min16uintNxM, floatMxK|halfMxK|doubleMxK|min10floatMxK|min16floatMxK|intMxK|uintMxK|min12intMxK|min16intMxK|min16uintMxK)\nCompiling Vertex program
  error: 2 plat 4 at (110): syntax error: unexpected token ';'\nCompiling Vertex program
  api=4 type=0 insize=1089 outsize=0 kw= ok=0
Cmd: preprocess
  insize=2766 outsize=1018 ok=1
Cmd: compileSnippet
  api=4 type=0 insize=1132 outsize=1201 kw= ok=1
Cmd: compileSnippet
  api=4 type=1 insize=1132 outsize=600 kw= ok=1
Cmd: preprocess
  insize=2766 outsize=1017 ok=1
Cmd: compileSnippet
  api=4 type=0 insize=1132 outsize=1201 kw= ok=1
Cmd: compileSnippet
  api=4 type=1 insize=1132 outsize=600 kw= ok=1
Cmd: preprocess
  insize=2756 outsize=1017 ok=1
Cmd: compileSnippet
  api=4 type=0 insize=1122 outsize=1095 kw= ok=1
Cmd: compileSnippet
  api=4 type=1 insize=1122 outsize=600 kw= ok=1
Cmd: preprocess
  insize=2766 outsize=1017 ok=1
Cmd: preprocess
  insize=2766 outsize=1018 ok=1
Cmd: compileSnippet
  api=4 type=0 insize=1132 outsize=1201 kw= ok=1
Cmd: compileSnippet
  api=4 type=1 insize=1132 outsize=600 kw= ok=1
Cmd: preprocess
  insize=2766 outsize=1017 ok=1
Cmd: compileSnippet
  api=4 type=0 insize=1132 outsize=1201 kw= ok=1
Cmd: compileSnippet
  api=4 type=1 insize=1132 outsize=600 kw= ok=1
Cmd: preprocess
  insize=2766 outsize=1018 ok=1
Cmd: compileSnippet
  api=4 type=0 insize=1132 outsize=1201 kw= ok=1
Cmd: compileSnippet
  api=4 type=1 insize=1132 outsize=600 kw= ok=1
Cmd: preprocess
  insize=2766 outsize=1018 ok=1
Cmd: compileSnippet
  api=4 type=0 insize=1132 outsize=1201 kw= ok=1
Cmd: compileSnippet
  api=4 type=1 insize=1132 outsize=600 kw= ok=1
Cmd: preprocess
  insize=2766 outsize=1018 ok=1
Cmd: compileSnippet
  api=4 type=0 insize=1132 outsize=1201 kw= ok=1
Cmd: compileSnippet
  api=4 type=1 insize=1132 outsize=600 kw= ok=1
Cmd: preprocess
  insize=2766 outsize=1017 ok=1
Cmd: preprocess
  insize=2766 outsize=1018 ok=1
Cmd: preprocess
  insize=2766 outsize=1017 ok=1
Cmd: preprocess
  insize=1566 outsize=565 ok=1
Cmd: compileSnippet
  api=4 type=0 insize=1302 outsize=1737 kw= ok=1
Cmd: compileSnippet
  api=4 type=1 insize=1302 outsize=600 kw= ok=1
Cmd: preprocess
  insize=2279 outsize=757 ok=1
Cmd: compileSnippet
  api=4 type=0 insize=1821 outsize=1924 kw=DUMMY ok=1
Cmd: compileSnippet
  api=4 type=1 insize=1821 outsize=754 kw=DUMMY ok=1
Cmd: compileSnippet
  api=4 type=0 insize=1821 outsize=2355 kw=PIXELSNAP_ON ok=1
Cmd: compileSnippet
  api=4 type=1 insize=1821 outsize=754 kw=PIXELSNAP_ON ok=1
